# JRE version: OpenJDK Runtime Environment Microsoft-8902769 (17.0.10+7) (build 17.0.10+7-LTS)
# Java VM: OpenJDK 64-Bit Server VM Microsoft-8902769 (17.0.10+7-LTS, mixed mode, sharing, tiered, compressed oops, compressed class ptrs, g1 gc, windows-amd64)
GC Precious Log:
 CPUs: 12 total, 12 available
 Memory: 16294M
 Large Page Support: Disabled
 NUMA Support: Disabled
 Compressed Oops: Enabled (32-bit)
 Heap Region Size: 1M
 Heap Min Capacity: 8M
 Heap Initial Capacity: 256M
 Heap Max Capacity: 2G
 Pre-touch: Disabled
 Parallel Workers: 10
 Concurrent Workers: 3
 Concurrent Refinement Workers: 10
 Periodic GC: Disabled
Heap:
 garbage-first heap   total 146432K, used 93152K [0x0000000080000000, 0x0000000100000000)
  region size 1024K, 14 young (14336K), 2 survivors (2048K)
 Metaspace       used 90008K, committed 90816K, reserved 557056K
  class space    used 12410K, committed 12800K, reserved 425984K
GC Heap History (20 events):
Event: 8.648 GC heap before
{Heap before GC invocations=23 (full 0):
 garbage-first heap   total 91136K, used 73460K [0x0000000080000000, 0x0000000100000000)
  region size 1024K, 13 young (13312K), 1 survivors (1024K)
 Metaspace       used 69036K, committed 69696K, reserved 491520K
  class space    used 9413K, committed 9728K, reserved 425984K
}
Event: 8.649 GC heap after
{Heap after GC invocations=24 (full 0):
 garbage-first heap   total 91136K, used 62277K [0x0000000080000000, 0x0000000100000000)
  region size 1024K, 1 young (1024K), 1 survivors (1024K)
 Metaspace       used 69036K, committed 69696K, reserved 491520K
  class space    used 9413K, committed 9728K, reserved 425984K
}
Event: 8.756 GC heap before
{Heap before GC invocations=25 (full 0):
 garbage-first heap   total 111616K, used 75589K [0x0000000080000000, 0x0000000100000000)
  region size 1024K, 14 young (14336K), 1 survivors (1024K)
 Metaspace       used 70324K, committed 70976K, reserved 491520K
  class space    used 9639K, committed 9920K, reserved 425984K
}
Event: 8.757 GC heap after
{Heap after GC invocations=26 (full 0):
 garbage-first heap   total 111616K, used 62767K [0x0000000080000000, 0x0000000100000000)
  region size 1024K, 1 young (1024K), 1 survivors (1024K)
 Metaspace       used 70324K, committed 70976K, reserved 491520K
  class space    used 9639K, committed 9920K, reserved 425984K
}
Event: 8.790 GC heap before
{Heap before GC invocations=26 (full 0):
 garbage-first heap   total 111616K, used 66863K [0x0000000080000000, 0x0000000100000000)
  region size 1024K, 5 young (5120K), 1 survivors (1024K)
 Metaspace       used 70688K, committed 71360K, reserved 491520K
  class space    used 9695K, committed 9984K, reserved 425984K
}
Event: 8.791 GC heap after
{Heap after GC invocations=27 (full 0):
 garbage-first heap   total 146432K, used 62092K [0x0000000080000000, 0x0000000100000000)
  region size 1024K, 1 young (1024K), 1 survivors (1024K)
 Metaspace       used 70688K, committed 71360K, reserved 491520K
  class space    used 9695K, committed 9984K, reserved 425984K
}
Event: 9.233 GC heap before
{Heap before GC invocations=27 (full 0):
 garbage-first heap   total 146432K, used 121484K [0x0000000080000000, 0x0000000100000000)
  region size 1024K, 55 young (56320K), 1 survivors (1024K)
 Metaspace       used 75131K, committed 75840K, reserved 557056K
  class space    used 10331K, committed 10624K, reserved 425984K
}
Event: 9.236 GC heap after
{Heap after GC invocations=28 (full 0):
 garbage-first heap   total 146432K, used 68586K [0x0000000080000000, 0x0000000100000000)
  region size 1024K, 3 young (3072K), 3 survivors (3072K)
 Metaspace       used 75131K, committed 75840K, reserved 557056K
  class space    used 10331K, committed 10624K, reserved 425984K
}
Event: 9.616 GC heap before
{Heap before GC invocations=28 (full 0):
 garbage-first heap   total 146432K, used 118762K [0x0000000080000000, 0x0000000100000000)
  region size 1024K, 53 young (54272K), 3 survivors (3072K)
 Metaspace       used 79678K, committed 80384K, reserved 557056K
  class space    used 10939K, committed 11264K, reserved 425984K
}
Event: 9.618 GC heap after
{Heap after GC invocations=29 (full 0):
 garbage-first heap   total 146432K, used 71276K [0x0000000080000000, 0x0000000100000000)
  region size 1024K, 6 young (6144K), 6 survivors (6144K)
 Metaspace       used 79678K, committed 80384K, reserved 557056K
  class space    used 10939K, committed 11264K, reserved 425984K
}
Event: 10.039 GC heap before
{Heap before GC invocations=29 (full 0):
 garbage-first heap   total 146432K, used 120428K [0x0000000080000000, 0x0000000100000000)
  region size 1024K, 54 young (55296K), 6 survivors (6144K)
 Metaspace       used 82519K, committed 83200K, reserved 557056K
  class space    used 11354K, committed 11648K, reserved 425984K
}
Event: 10.042 GC heap after
{Heap after GC invocations=30 (full 0):
 garbage-first heap   total 146432K, used 75301K [0x0000000080000000, 0x0000000100000000)
  region size 1024K, 7 young (7168K), 7 survivors (7168K)
 Metaspace       used 82519K, committed 83200K, reserved 557056K
  class space    used 11354K, committed 11648K, reserved 425984K
}
Event: 11.058 GC heap before
{Heap before GC invocations=30 (full 0):
 garbage-first heap   total 146432K, used 119333K [0x0000000080000000, 0x0000000100000000)
  region size 1024K, 51 young (52224K), 7 survivors (7168K)
 Metaspace       used 86086K, committed 86848K, reserved 557056K
  class space    used 11881K, committed 12224K, reserved 425984K
}
Event: 11.062 GC heap after
{Heap after GC invocations=31 (full 0):
 garbage-first heap   total 146432K, used 79154K [0x0000000080000000, 0x0000000100000000)
  region size 1024K, 5 young (5120K), 5 survivors (5120K)
 Metaspace       used 86086K, committed 86848K, reserved 557056K
  class space    used 11881K, committed 12224K, reserved 425984K
}
Event: 20.222 GC heap before
{Heap before GC invocations=32 (full 0):
 garbage-first heap   total 146432K, used 119090K [0x0000000080000000, 0x0000000100000000)
  region size 1024K, 45 young (46080K), 5 survivors (5120K)
 Metaspace       used 89571K, committed 90368K, reserved 557056K
  class space    used 12363K, committed 12736K, reserved 425984K
}
Event: 20.224 GC heap after
{Heap after GC invocations=33 (full 0):
 garbage-first heap   total 146432K, used 81799K [0x0000000080000000, 0x0000000100000000)
  region size 1024K, 3 young (3072K), 3 survivors (3072K)
 Metaspace       used 89571K, committed 90368K, reserved 557056K
  class space    used 12363K, committed 12736K, reserved 425984K
}
Event: 20.266 GC heap before
{Heap before GC invocations=33 (full 0):
 garbage-first heap   total 146432K, used 84871K [0x0000000080000000, 0x0000000100000000)
  region size 1024K, 7 young (7168K), 3 survivors (3072K)
 Metaspace       used 89621K, committed 90432K, reserved 557056K
  class space    used 12365K, committed 12736K, reserved 425984K
}
Event: 20.268 GC heap after
{Heap after GC invocations=34 (full 0):
 garbage-first heap   total 146432K, used 81342K [0x0000000080000000, 0x0000000100000000)
  region size 1024K, 1 young (1024K), 1 survivors (1024K)
 Metaspace       used 89621K, committed 90432K, reserved 557056K
  class space    used 12365K, committed 12736K, reserved 425984K
}
Event: 20.453 GC heap before
{Heap before GC invocations=34 (full 0):
 garbage-first heap   total 146432K, used 120254K [0x0000000080000000, 0x0000000100000000)
  region size 1024K, 40 young (40960K), 1 survivors (1024K)
 Metaspace       used 89998K, committed 90816K, reserved 557056K
  class space    used 12410K, committed 12800K, reserved 425984K
}
Event: 20.454 GC heap after
{Heap after GC invocations=35 (full 0):
 garbage-first heap   total 146432K, used 81888K [0x0000000080000000, 0x0000000100000000)
  region size 1024K, 2 young (2048K), 2 survivors (2048K)
 Metaspace       used 89998K, committed 90816K, reserved 557056K
  class space    used 12410K, committed 12800K, reserved 425984K
}

